<?xml version="1.0" encoding="UTF-8"?>
<coverage generated="1657263865083" clover="3.2.0">
  <project timestamp="1657263865083" name="All files">
    <metrics statements="9" coveredstatements="9" conditionals="0" coveredconditionals="0" methods="3" coveredmethods="3" elements="12" coveredelements="12" complexity="0" loc="9" ncloc="9" packages="1" files="2" classes="2"/>
    <file name="items-list.ts" path="/home/yu23ki14/apps/cfj/OpenDataTools/datamanager/nodejs/scheme/items-list.ts">
      <metrics statements="2" coveredstatements="2" conditionals="0" coveredconditionals="0" methods="0" coveredmethods="0"/>
      <line num="1" count="1" type="stmt"/>
      <line num="33" count="1" type="stmt"/>
    </file>
    <file name="validator.ts" path="/home/yu23ki14/apps/cfj/OpenDataTools/datamanager/nodejs/scheme/validator.ts">
      <metrics statements="7" coveredstatements="7" conditionals="0" coveredconditionals="0" methods="3" coveredmethods="3"/>
      <line num="1" count="1" type="stmt"/>
      <line num="7" count="1" type="stmt"/>
      <line num="16" count="1" type="stmt"/>
      <line num="17" count="1" type="stmt"/>
      <line num="18" count="24" type="stmt"/>
      <line num="20" count="1" type="stmt"/>
      <line num="24" count="1" type="stmt"/>
    </file>
  </project>
</coverage>
