{"/home/yu23ki14/apps/cfj/OpenDataTools/datamanager/nodejs/scheme/items-list.ts": {"path":"/home/yu23ki14/apps/cfj/OpenDataTools/datamanager/nodejs/scheme/items-list.ts","statementMap":{"0":{"start":{"line":1,"column":13},"end":{"line":31,"column":null}},"1":{"start":{"line":33,"column":13},"end":{"line":33,"column":null}}},"fnMap":{},"branchMap":{},"s":{"0":1,"1":1},"f":{},"b":{}}
,"/home/yu23ki14/apps/cfj/OpenDataTools/datamanager/nodejs/scheme/validator.ts": {"path":"/home/yu23ki14/apps/cfj/OpenDataTools/datamanager/nodejs/scheme/validator.ts","statementMap":{"0":{"start":{"line":1,"column":0},"end":{"line":1,"column":null}},"1":{"start":{"line":7,"column":1},"end":{"line":10,"column":null}},"2":{"start":{"line":16,"column":20},"end":{"line":16,"column":54}},"3":{"start":{"line":17,"column":23},"end":{"line":18,"column":null}},"4":{"start":{"line":18,"column":13},"end":{"line":18,"column":55}},"5":{"start":{"line":20,"column":2},"end":{"line":20,"column":null}},"6":{"start":{"line":24,"column":0},"end":{"line":24,"column":null}}},"fnMap":{"0":{"name":"(anonymous_0)","decl":{"start":{"line":6,"column":0},"end":{"line":6,"column":6}},"loc":{"start":{"line":6,"column":0},"end":{"line":22,"column":1}}},"1":{"name":"(anonymous_1)","decl":{"start":{"line":12,"column":1},"end":{"line":12,"column":13}},"loc":{"start":{"line":15,"column":2},"end":{"line":21,"column":2}}},"2":{"name":"(anonymous_2)","decl":{"start":{"line":18,"column":3},"end":{"line":18,"column":4}},"loc":{"start":{"line":18,"column":13},"end":{"line":18,"column":55}}}},"branchMap":{},"s":{"0":1,"1":1,"2":1,"3":1,"4":24,"5":1,"6":1},"f":{"0":1,"1":1,"2":24},"b":{}}
}
